0 info it worked if it ends with ok
1 verbose cli [ '/Users/dave/.nvm/versions/node/v4.3.2/bin/node',
1 verbose cli   '/Users/dave/.nvm/versions/node/v4.3.2/bin/npm',
1 verbose cli   'run',
1 verbose cli   'build' ]
2 info using npm@3.8.0
3 info using node@v4.3.2
4 verbose run-script [ 'prebuild', 'build', 'postbuild' ]
5 info lifecycle Wax@0.0.1~prebuild: Wax@0.0.1
6 silly lifecycle Wax@0.0.1~prebuild: no script for prebuild, continuing
7 info lifecycle Wax@0.0.1~build: Wax@0.0.1
8 verbose lifecycle Wax@0.0.1~build: unsafe-perm in lifecycle true
9 verbose lifecycle Wax@0.0.1~build: PATH: /Users/dave/.nvm/versions/node/v4.3.2/lib/node_modules/npm/bin/node-gyp-bin:/Users/dave/Sites/zen/node_modules/.bin:/Users/dave/.nvm/versions/node/v4.3.2/bin:/usr/local/heroku/bin:/Users/dave/.nvm/versions/node/v4.3.2/bin:/usr/local/bin:/usr/bin:/bin:/usr/sbin:/sbin
10 verbose lifecycle Wax@0.0.1~build: CWD: /Users/dave/Sites/zen
11 silly lifecycle Wax@0.0.1~build: Args: [ '-c', 'gulp build && gulp watch' ]
12 silly lifecycle Wax@0.0.1~build: Returned: code: 1  signal: null
13 info lifecycle Wax@0.0.1~build: Failed to exec build script
14 verbose stack Error: Wax@0.0.1 build: `gulp build && gulp watch`
14 verbose stack Exit status 1
14 verbose stack     at EventEmitter.<anonymous> (/Users/dave/.nvm/versions/node/v4.3.2/lib/node_modules/npm/lib/utils/lifecycle.js:239:16)
14 verbose stack     at emitTwo (events.js:87:13)
14 verbose stack     at EventEmitter.emit (events.js:172:7)
14 verbose stack     at ChildProcess.<anonymous> (/Users/dave/.nvm/versions/node/v4.3.2/lib/node_modules/npm/lib/utils/spawn.js:24:14)
14 verbose stack     at emitTwo (events.js:87:13)
14 verbose stack     at ChildProcess.emit (events.js:172:7)
14 verbose stack     at maybeClose (internal/child_process.js:821:16)
14 verbose stack     at Process.ChildProcess._handle.onexit (internal/child_process.js:211:5)
15 verbose pkgid Wax@0.0.1
16 verbose cwd /Users/dave/Sites/zen
17 error Darwin 15.3.0
18 error argv "/Users/dave/.nvm/versions/node/v4.3.2/bin/node" "/Users/dave/.nvm/versions/node/v4.3.2/bin/npm" "run" "build"
19 error node v4.3.2
20 error npm  v3.8.0
21 error code ELIFECYCLE
22 error Wax@0.0.1 build: `gulp build && gulp watch`
22 error Exit status 1
23 error Failed at the Wax@0.0.1 build script 'gulp build && gulp watch'.
23 error Make sure you have the latest version of node.js and npm installed.
23 error If you do, this is most likely a problem with the Wax package,
23 error not with npm itself.
23 error Tell the author that this fails on your system:
23 error     gulp build && gulp watch
23 error You can get information on how to open an issue for this project with:
23 error     npm bugs Wax
23 error Or if that isn't available, you can get their info via:
23 error     npm owner ls Wax
23 error There is likely additional logging output above.
24 verbose exit [ 1, true ]
